2019-02-17 13:48:17 [scrapy.statscollectors] INFO: Dumping Scrapy stats:
{'downloader/exception_count': 104,
 'downloader/exception_type_count/twisted.internet.error.TimeoutError': 8,
 'downloader/exception_type_count/twisted.web._newclient.ResponseFailed': 96,
 'downloader/request_bytes': 893091,
 'downloader/request_count': 1667,
 'downloader/request_method_count/GET': 1667,
 'downloader/response_bytes': 26296968,
 'downloader/response_count': 1563,
 'downloader/response_status_count/200': 1138,
 'downloader/response_status_count/404': 1,
 'downloader/response_status_count/502': 380,
 'downloader/response_status_count/504': 44,
 'finish_reason': 'finished',
 'finish_time': datetime.datetime(2019, 2, 17, 5, 48, 17, 404245),
 'httperror/response_ignored_count': 103,
 'httperror/response_ignored_status_count/502': 102,
 'httperror/response_ignored_status_count/504': 1,
 'item_scraped_count': 635,
 'log_count/DEBUG': 2405,
 'log_count/ERROR': 14,
 'log_count/INFO': 739,
 'log_count/WARNING': 99,
 'request_depth_max': 2,
 'response_received_count': 1242,
 'retry/count': 411,
 'retry/max_reached': 117,
 'retry/reason_count/502 Bad Gateway': 278,
 'retry/reason_count/504 Gateway Time-out': 43,
 'retry/reason_count/twisted.internet.error.TimeoutError': 8,
 'retry/reason_count/twisted.web._newclient.ResponseFailed': 82,
 'robotstxt/request_count': 2,
 'robotstxt/response_count': 2,
 'robotstxt/response_status_count/200': 1,
 'robotstxt/response_status_count/404': 1,
 'scheduler/dequeued': 1665,
 'scheduler/dequeued/memory': 1665,
 'scheduler/enqueued': 1665,
 'scheduler/enqueued/memory': 1665,
 'start_time': datetime.datetime(2019, 2, 17, 4, 55, 44, 582281)}
2019-02-17 13:48:17 [scrapy.core.engine] INFO: Spider closed (finished)

用时：0:52:32.821964