2019-05-01 16:18:59 [scrapy.utils.log] INFO: Scrapy 1.6.0 started (bot: weather_back)
2019-05-01 16:18:59 [scrapy.utils.log] INFO: Versions: lxml 4.3.0.0, libxml2 2.9.5, cssselect 1.0.3, parsel 1.5.1, w3lib 1.20.0, Twisted 18.9.0, Python 3.6.5 (v3.6.5:f59c0932b4, Mar 28 2018, 17:00:18) [MSC v.1900 64 bit (AMD64)], pyOpenSSL 19.0.0 (OpenSSL 1.1.1a  20 Nov 2018), cryptography 2.5, Platform Windows-10-10.0.17134-SP0
2019-05-01 16:18:59 [scrapy.crawler] INFO: Overridden settings: {'BOT_NAME': 'weather_back', 'LOG_FILE': 'log/2019-05-01_16-18-59.log', 'LOG_LEVEL': 'INFO', 'LOG_STDOUT': True, 'NEWSPIDER_MODULE': 'weather_back.spiders', 'SPIDER_MODULES': ['weather_back.spiders'], 'USER_AGENT': 'Mozilla/5.0 (Windows NT 10.0; Win64; x64) AppleWebKit/537.36 (KHTML, like Gecko) Chrome/71.0.3578.98 Safari/537.36'}
2019-05-01 16:18:59 [scrapy.extensions.telnet] INFO: Telnet Password: 0e5ee0cf4e7a001a
2019-05-01 16:18:59 [scrapy.middleware] INFO: Enabled extensions:
['scrapy.extensions.corestats.CoreStats',
 'scrapy.extensions.telnet.TelnetConsole',
 'scrapy.extensions.logstats.LogStats']
2019-05-01 16:18:59 [scrapy.middleware] INFO: Enabled downloader middlewares:
['weather_back.middlewares.ProcessAllExceptionMiddleware',
 'scrapy.downloadermiddlewares.httpauth.HttpAuthMiddleware',
 'scrapy.downloadermiddlewares.downloadtimeout.DownloadTimeoutMiddleware',
 'scrapy.downloadermiddlewares.defaultheaders.DefaultHeadersMiddleware',
 'scrapy.downloadermiddlewares.useragent.UserAgentMiddleware',
 'weather_back.middlewares.UserAgent',
 'scrapy.downloadermiddlewares.retry.RetryMiddleware',
 'scrapy.downloadermiddlewares.redirect.MetaRefreshMiddleware',
 'scrapy.downloadermiddlewares.httpcompression.HttpCompressionMiddleware',
 'scrapy.downloadermiddlewares.redirect.RedirectMiddleware',
 'scrapy.downloadermiddlewares.cookies.CookiesMiddleware',
 'scrapy.downloadermiddlewares.httpproxy.HttpProxyMiddleware',
 'scrapy.downloadermiddlewares.stats.DownloaderStats']
2019-05-01 16:18:59 [scrapy.middleware] INFO: Enabled spider middlewares:
['scrapy.spidermiddlewares.httperror.HttpErrorMiddleware',
 'scrapy.spidermiddlewares.offsite.OffsiteMiddleware',
 'scrapy.spidermiddlewares.referer.RefererMiddleware',
 'scrapy.spidermiddlewares.urllength.UrlLengthMiddleware',
 'scrapy.spidermiddlewares.depth.DepthMiddleware']
2019-05-01 16:18:59 [scrapy.middleware] INFO: Enabled item pipelines:
['weather_back.pipelines.WeatherBackPipeline']
2019-05-01 16:18:59 [scrapy.core.engine] INFO: Spider opened
2019-05-01 16:18:59 [scrapy.extensions.logstats] INFO: Crawled 0 pages (at 0 pages/min), scraped 0 items (at 0 items/min)
2019-05-01 16:18:59 [scrapy.extensions.telnet] INFO: Telnet console listening on 127.0.0.1:6023
2019-05-01 16:19:59 [scrapy.extensions.logstats] INFO: Crawled 135 pages (at 135 pages/min), scraped 635 items (at 635 items/min)
2019-05-01 16:20:59 [scrapy.extensions.logstats] INFO: Crawled 185 pages (at 50 pages/min), scraped 635 items (at 0 items/min)
2019-05-01 16:21:05 [scrapy.core.downloader.handlers.http11] WARNING: Got data loss in http://forecast.weather.com.cn/town/weather1dn/101271611032.shtml. If you want to process broken responses set the setting DOWNLOAD_FAIL_ON_DATALOSS = False -- This message won't be shown in further requests
2019-05-01 16:21:19 [scrapy.core.downloader.handlers.http11] WARNING: Got data loss in http://forecast.weather.com.cn/town/weather1dn/101271604017.shtml. If you want to process broken responses set the setting DOWNLOAD_FAIL_ON_DATALOSS = False -- This message won't be shown in further requests
2019-05-01 16:21:47 [scrapy.core.downloader.handlers.http11] WARNING: Got data loss in http://forecast.weather.com.cn/town/weather1dn/101271604028.shtml. If you want to process broken responses set the setting DOWNLOAD_FAIL_ON_DATALOSS = False -- This message won't be shown in further requests
2019-05-01 16:21:59 [scrapy.extensions.logstats] INFO: Crawled 227 pages (at 42 pages/min), scraped 635 items (at 0 items/min)
2019-05-01 16:22:03 [scrapy.core.downloader.handlers.http11] WARNING: Got data loss in http://forecast.weather.com.cn/town/weather1dn/101271605017.shtml. If you want to process broken responses set the setting DOWNLOAD_FAIL_ON_DATALOSS = False -- This message won't be shown in further requests
2019-05-01 16:22:38 [scrapy.core.downloader.handlers.http11] WARNING: Got data loss in http://forecast.weather.com.cn/town/weather1dn/101271603027.shtml. If you want to process broken responses set the setting DOWNLOAD_FAIL_ON_DATALOSS = False -- This message won't be shown in further requests
2019-05-01 16:22:38 [scrapy.core.downloader.handlers.http11] WARNING: Got data loss in http://forecast.weather.com.cn/town/weather1dn/101271607021.shtml. If you want to process broken responses set the setting DOWNLOAD_FAIL_ON_DATALOSS = False -- This message won't be shown in further requests
2019-05-01 16:22:39 [scrapy.core.downloader.handlers.http11] WARNING: Got data loss in http://forecast.weather.com.cn/town/weathern/101271608009.shtml. If you want to process broken responses set the setting DOWNLOAD_FAIL_ON_DATALOSS = False -- This message won't be shown in further requests
2019-05-01 16:22:53 [scrapy.core.downloader.handlers.http11] WARNING: Got data loss in http://forecast.weather.com.cn/town/weather1dn/101271607009.shtml. If you want to process broken responses set the setting DOWNLOAD_FAIL_ON_DATALOSS = False -- This message won't be shown in further requests
2019-05-01 16:22:59 [scrapy.extensions.logstats] INFO: Crawled 289 pages (at 62 pages/min), scraped 635 items (at 0 items/min)
2019-05-01 16:23:59 [scrapy.extensions.logstats] INFO: Crawled 346 pages (at 57 pages/min), scraped 635 items (at 0 items/min)
2019-05-01 16:24:12 [scrapy.core.downloader.handlers.http11] WARNING: Got data loss in http://forecast.weather.com.cn/town/weathern/101271604020.shtml. If you want to process broken responses set the setting DOWNLOAD_FAIL_ON_DATALOSS = False -- This message won't be shown in further requests
2019-05-01 16:24:12 [scrapy.core.downloader.handlers.http11] WARNING: Got data loss in http://forecast.weather.com.cn/town/weathern/101271604007.shtml. If you want to process broken responses set the setting DOWNLOAD_FAIL_ON_DATALOSS = False -- This message won't be shown in further requests
2019-05-01 16:24:13 [scrapy.core.downloader.handlers.http11] WARNING: Got data loss in http://forecast.weather.com.cn/town/weather1dn/101271604013.shtml. If you want to process broken responses set the setting DOWNLOAD_FAIL_ON_DATALOSS = False -- This message won't be shown in further requests
2019-05-01 16:24:13 [scrapy.core.downloader.handlers.http11] WARNING: Got data loss in http://forecast.weather.com.cn/town/weather1dn/101271604024.shtml. If you want to process broken responses set the setting DOWNLOAD_FAIL_ON_DATALOSS = False -- This message won't be shown in further requests
2019-05-01 16:24:13 [scrapy.core.downloader.handlers.http11] WARNING: Got data loss in http://forecast.weather.com.cn/town/weathern/101271604022.shtml. If you want to process broken responses set the setting DOWNLOAD_FAIL_ON_DATALOSS = False -- This message won't be shown in further requests
2019-05-01 16:24:52 [scrapy.core.downloader.handlers.http11] WARNING: Got data loss in http://forecast.weather.com.cn/town/weathern/101271605015.shtml. If you want to process broken responses set the setting DOWNLOAD_FAIL_ON_DATALOSS = False -- This message won't be shown in further requests
2019-05-01 16:24:59 [scrapy.extensions.logstats] INFO: Crawled 378 pages (at 32 pages/min), scraped 635 items (at 0 items/min)
2019-05-01 16:25:24 [scrapy.core.downloader.handlers.http11] WARNING: Got data loss in http://forecast.weather.com.cn/town/weathern/101271607007.shtml. If you want to process broken responses set the setting DOWNLOAD_FAIL_ON_DATALOSS = False -- This message won't be shown in further requests
2019-05-01 16:25:54 [scrapy.core.downloader.handlers.http11] WARNING: Got data loss in http://forecast.weather.com.cn/town/weathern/101271607015.shtml. If you want to process broken responses set the setting DOWNLOAD_FAIL_ON_DATALOSS = False -- This message won't be shown in further requests
2019-05-01 16:25:54 [scrapy.core.downloader.handlers.http11] WARNING: Got data loss in http://forecast.weather.com.cn/town/weathern/101271607013.shtml. If you want to process broken responses set the setting DOWNLOAD_FAIL_ON_DATALOSS = False -- This message won't be shown in further requests
2019-05-01 16:25:59 [scrapy.extensions.logstats] INFO: Crawled 456 pages (at 78 pages/min), scraped 635 items (at 0 items/min)
2019-05-01 16:25:59 [scrapy.core.downloader.handlers.http11] WARNING: Got data loss in http://forecast.weather.com.cn/town/weather1dn/101271607028.shtml. If you want to process broken responses set the setting DOWNLOAD_FAIL_ON_DATALOSS = False -- This message won't be shown in further requests
2019-05-01 16:26:59 [scrapy.extensions.logstats] INFO: Crawled 525 pages (at 69 pages/min), scraped 635 items (at 0 items/min)
2019-05-01 16:27:59 [scrapy.extensions.logstats] INFO: Crawled 573 pages (at 48 pages/min), scraped 635 items (at 0 items/min)
2019-05-01 16:28:36 [scrapy.core.downloader.handlers.http11] WARNING: Got data loss in http://forecast.weather.com.cn/town/weather1dn/101271610030.shtml. If you want to process broken responses set the setting DOWNLOAD_FAIL_ON_DATALOSS = False -- This message won't be shown in further requests
2019-05-01 16:28:42 [scrapy.core.downloader.handlers.http11] WARNING: Got data loss in http://forecast.weather.com.cn/town/weather1dn/101271606047.shtml. If you want to process broken responses set the setting DOWNLOAD_FAIL_ON_DATALOSS = False -- This message won't be shown in further requests
2019-05-01 16:28:43 [scrapy.core.downloader.handlers.http11] WARNING: Got data loss in http://forecast.weather.com.cn/town/weathern/101271609022.shtml. If you want to process broken responses set the setting DOWNLOAD_FAIL_ON_DATALOSS = False -- This message won't be shown in further requests
2019-05-01 16:28:43 [scrapy.core.downloader.handlers.http11] WARNING: Got data loss in http://forecast.weather.com.cn/town/weather1dn/101271617035.shtml. If you want to process broken responses set the setting DOWNLOAD_FAIL_ON_DATALOSS = False -- This message won't be shown in further requests
2019-05-01 16:28:44 [scrapy.core.downloader.handlers.http11] WARNING: Got data loss in http://forecast.weather.com.cn/town/weathern/101271609016.shtml. If you want to process broken responses set the setting DOWNLOAD_FAIL_ON_DATALOSS = False -- This message won't be shown in further requests
2019-05-01 16:28:46 [scrapy.core.downloader.handlers.http11] WARNING: Got data loss in http://forecast.weather.com.cn/town/weather1dn/101271609018.shtml. If you want to process broken responses set the setting DOWNLOAD_FAIL_ON_DATALOSS = False -- This message won't be shown in further requests
2019-05-01 16:28:47 [scrapy.core.downloader.handlers.http11] WARNING: Got data loss in http://forecast.weather.com.cn/town/weathern/101271609010.shtml. If you want to process broken responses set the setting DOWNLOAD_FAIL_ON_DATALOSS = False -- This message won't be shown in further requests
2019-05-01 16:28:49 [scrapy.core.downloader.handlers.http11] WARNING: Got data loss in http://forecast.weather.com.cn/town/weathern/101271609003.shtml. If you want to process broken responses set the setting DOWNLOAD_FAIL_ON_DATALOSS = False -- This message won't be shown in further requests
2019-05-01 16:28:59 [scrapy.extensions.logstats] INFO: Crawled 608 pages (at 35 pages/min), scraped 635 items (at 0 items/min)
2019-05-01 16:29:35 [scrapy.core.downloader.handlers.http11] WARNING: Got data loss in http://forecast.weather.com.cn/town/weather1dn/101271617031.shtml. If you want to process broken responses set the setting DOWNLOAD_FAIL_ON_DATALOSS = False -- This message won't be shown in further requests
2019-05-01 16:29:38 [scrapy.core.downloader.handlers.http11] WARNING: Got data loss in http://forecast.weather.com.cn/town/weathern/101271617048.shtml. If you want to process broken responses set the setting DOWNLOAD_FAIL_ON_DATALOSS = False -- This message won't be shown in further requests
2019-05-01 16:29:59 [scrapy.extensions.logstats] INFO: Crawled 694 pages (at 86 pages/min), scraped 635 items (at 0 items/min)
2019-05-01 16:30:05 [scrapy.core.downloader.handlers.http11] WARNING: Got data loss in http://forecast.weather.com.cn/town/weather1dn/101271609024.shtml. If you want to process broken responses set the setting DOWNLOAD_FAIL_ON_DATALOSS = False -- This message won't be shown in further requests
2019-05-01 16:30:34 [scrapy.core.downloader.handlers.http11] WARNING: Got data loss in http://forecast.weather.com.cn/town/weather1dn/101271617027.shtml. If you want to process broken responses set the setting DOWNLOAD_FAIL_ON_DATALOSS = False -- This message won't be shown in further requests
2019-05-01 16:30:39 [scrapy.core.downloader.handlers.http11] WARNING: Got data loss in http://forecast.weather.com.cn/town/weathern/101271617016.shtml. If you want to process broken responses set the setting DOWNLOAD_FAIL_ON_DATALOSS = False -- This message won't be shown in further requests
2019-05-01 16:30:59 [scrapy.extensions.logstats] INFO: Crawled 715 pages (at 21 pages/min), scraped 635 items (at 0 items/min)
2019-05-01 16:31:05 [scrapy.core.downloader.handlers.http11] WARNING: Got data loss in http://forecast.weather.com.cn/town/weather1dn/101271617046.shtml. If you want to process broken responses set the setting DOWNLOAD_FAIL_ON_DATALOSS = False -- This message won't be shown in further requests
2019-05-01 16:31:18 [scrapy.core.downloader.handlers.http11] WARNING: Got data loss in http://forecast.weather.com.cn/town/weather1dn/101271617008.shtml. If you want to process broken responses set the setting DOWNLOAD_FAIL_ON_DATALOSS = False -- This message won't be shown in further requests
2019-05-01 16:31:34 [scrapy.core.downloader.handlers.http11] WARNING: Got data loss in http://forecast.weather.com.cn/town/weather1dn/101271617047.shtml. If you want to process broken responses set the setting DOWNLOAD_FAIL_ON_DATALOSS = False -- This message won't be shown in further requests
2019-05-01 16:31:35 [scrapy.core.downloader.handlers.http11] WARNING: Got data loss in http://forecast.weather.com.cn/town/weathern/101271617044.shtml. If you want to process broken responses set the setting DOWNLOAD_FAIL_ON_DATALOSS = False -- This message won't be shown in further requests
2019-05-01 16:31:59 [scrapy.extensions.logstats] INFO: Crawled 771 pages (at 56 pages/min), scraped 635 items (at 0 items/min)
2019-05-01 16:32:03 [scrapy.core.downloader.handlers.http11] WARNING: Got data loss in http://forecast.weather.com.cn/town/weather1dn/101271619006.shtml. If you want to process broken responses set the setting DOWNLOAD_FAIL_ON_DATALOSS = False -- This message won't be shown in further requests
2019-05-01 16:32:37 [scrapy.core.downloader.handlers.http11] WARNING: Got data loss in http://forecast.weather.com.cn/town/weather1dn/101271619017.shtml. If you want to process broken responses set the setting DOWNLOAD_FAIL_ON_DATALOSS = False -- This message won't be shown in further requests
2019-05-01 16:32:41 [scrapy.core.downloader.handlers.http11] WARNING: Got data loss in http://forecast.weather.com.cn/town/weathern/101271614035.shtml. If you want to process broken responses set the setting DOWNLOAD_FAIL_ON_DATALOSS = False -- This message won't be shown in further requests
2019-05-01 16:32:42 [scrapy.core.downloader.handlers.http11] WARNING: Got data loss in http://forecast.weather.com.cn/town/weathern/101271614024.shtml. If you want to process broken responses set the setting DOWNLOAD_FAIL_ON_DATALOSS = False -- This message won't be shown in further requests
2019-05-01 16:32:43 [scrapy.core.downloader.handlers.http11] WARNING: Got data loss in http://forecast.weather.com.cn/town/weathern/101271617017.shtml. If you want to process broken responses set the setting DOWNLOAD_FAIL_ON_DATALOSS = False -- This message won't be shown in further requests
2019-05-01 16:32:59 [scrapy.extensions.logstats] INFO: Crawled 816 pages (at 45 pages/min), scraped 635 items (at 0 items/min)
2019-05-01 16:33:16 [scrapy.core.downloader.handlers.http11] WARNING: Got data loss in http://forecast.weather.com.cn/town/weather1dn/101271619018.shtml. If you want to process broken responses set the setting DOWNLOAD_FAIL_ON_DATALOSS = False -- This message won't be shown in further requests
2019-05-01 16:33:17 [scrapy.core.downloader.handlers.http11] WARNING: Got data loss in http://forecast.weather.com.cn/town/weathern/101271618023.shtml. If you want to process broken responses set the setting DOWNLOAD_FAIL_ON_DATALOSS = False -- This message won't be shown in further requests
2019-05-01 16:33:24 [scrapy.core.downloader.handlers.http11] WARNING: Got data loss in http://forecast.weather.com.cn/town/weathern/101271619018.shtml. If you want to process broken responses set the setting DOWNLOAD_FAIL_ON_DATALOSS = False -- This message won't be shown in further requests
2019-05-01 16:33:44 [scrapy.core.downloader.handlers.http11] WARNING: Got data loss in http://forecast.weather.com.cn/town/weather1dn/101271619027.shtml. If you want to process broken responses set the setting DOWNLOAD_FAIL_ON_DATALOSS = False -- This message won't be shown in further requests
2019-05-01 16:33:45 [scrapy.core.downloader.handlers.http11] WARNING: Got data loss in http://forecast.weather.com.cn/town/weathern/101271619007.shtml. If you want to process broken responses set the setting DOWNLOAD_FAIL_ON_DATALOSS = False -- This message won't be shown in further requests
2019-05-01 16:33:59 [scrapy.extensions.logstats] INFO: Crawled 870 pages (at 54 pages/min), scraped 635 items (at 0 items/min)
2019-05-01 16:34:14 [scrapy.core.downloader.handlers.http11] WARNING: Got data loss in http://forecast.weather.com.cn/town/weathern/101271614037.shtml. If you want to process broken responses set the setting DOWNLOAD_FAIL_ON_DATALOSS = False -- This message won't be shown in further requests
2019-05-01 16:34:27 [scrapy.core.downloader.handlers.http11] WARNING: Got data loss in http://forecast.weather.com.cn/town/weather1dn/101271614014.shtml. If you want to process broken responses set the setting DOWNLOAD_FAIL_ON_DATALOSS = False -- This message won't be shown in further requests
2019-05-01 16:34:43 [scrapy.core.downloader.handlers.http11] WARNING: Got data loss in http://forecast.weather.com.cn/town/weather1dn/101271613012.shtml. If you want to process broken responses set the setting DOWNLOAD_FAIL_ON_DATALOSS = False -- This message won't be shown in further requests
2019-05-01 16:34:58 [scrapy.core.downloader.handlers.http11] WARNING: Got data loss in http://forecast.weather.com.cn/town/weather1dn/101271614031.shtml. If you want to process broken responses set the setting DOWNLOAD_FAIL_ON_DATALOSS = False -- This message won't be shown in further requests
2019-05-01 16:34:59 [scrapy.extensions.logstats] INFO: Crawled 931 pages (at 61 pages/min), scraped 635 items (at 0 items/min)
2019-05-01 16:35:59 [scrapy.extensions.logstats] INFO: Crawled 1010 pages (at 79 pages/min), scraped 635 items (at 0 items/min)
2019-05-01 16:36:07 [scrapy.core.downloader.handlers.http11] WARNING: Got data loss in http://forecast.weather.com.cn/town/weathern/101271613016.shtml. If you want to process broken responses set the setting DOWNLOAD_FAIL_ON_DATALOSS = False -- This message won't be shown in further requests
2019-05-01 16:36:24 [scrapy.core.downloader.handlers.http11] WARNING: Got data loss in http://forecast.weather.com.cn/town/weathern/101271615027.shtml. If you want to process broken responses set the setting DOWNLOAD_FAIL_ON_DATALOSS = False -- This message won't be shown in further requests
2019-05-01 16:36:57 [scrapy.core.downloader.handlers.http11] WARNING: Got data loss in http://forecast.weather.com.cn/town/weather1dn/101271612002.shtml. If you want to process broken responses set the setting DOWNLOAD_FAIL_ON_DATALOSS = False -- This message won't be shown in further requests
2019-05-01 16:36:59 [scrapy.extensions.logstats] INFO: Crawled 1045 pages (at 35 pages/min), scraped 635 items (at 0 items/min)
2019-05-01 16:37:02 [scrapy.core.downloader.handlers.http11] WARNING: Got data loss in http://forecast.weather.com.cn/town/weathern/101271615008.shtml. If you want to process broken responses set the setting DOWNLOAD_FAIL_ON_DATALOSS = False -- This message won't be shown in further requests
2019-05-01 16:37:12 [scrapy.core.downloader.handlers.http11] WARNING: Got data loss in http://forecast.weather.com.cn/town/weathern/101271615007.shtml. If you want to process broken responses set the setting DOWNLOAD_FAIL_ON_DATALOSS = False -- This message won't be shown in further requests
2019-05-01 16:37:20 [scrapy.core.downloader.handlers.http11] WARNING: Got data loss in http://forecast.weather.com.cn/town/weathern/101271612040.shtml. If you want to process broken responses set the setting DOWNLOAD_FAIL_ON_DATALOSS = False -- This message won't be shown in further requests
2019-05-01 16:37:43 [scrapy.core.downloader.handlers.http11] WARNING: Got data loss in http://forecast.weather.com.cn/town/weathern/101271615035.shtml. If you want to process broken responses set the setting DOWNLOAD_FAIL_ON_DATALOSS = False -- This message won't be shown in further requests
2019-05-01 16:37:47 [scrapy.core.downloader.handlers.http11] WARNING: Got data loss in http://forecast.weather.com.cn/town/weather1dn/101271615036.shtml. If you want to process broken responses set the setting DOWNLOAD_FAIL_ON_DATALOSS = False -- This message won't be shown in further requests
2019-05-01 16:37:49 [scrapy.core.downloader.handlers.http11] WARNING: Got data loss in http://forecast.weather.com.cn/town/weather1dn/101271612023.shtml. If you want to process broken responses set the setting DOWNLOAD_FAIL_ON_DATALOSS = False -- This message won't be shown in further requests
2019-05-01 16:37:59 [scrapy.core.downloader.handlers.http11] WARNING: Got data loss in http://forecast.weather.com.cn/town/weathern/101271616003.shtml. If you want to process broken responses set the setting DOWNLOAD_FAIL_ON_DATALOSS = False -- This message won't be shown in further requests
2019-05-01 16:37:59 [scrapy.extensions.logstats] INFO: Crawled 1078 pages (at 33 pages/min), scraped 635 items (at 0 items/min)
2019-05-01 16:38:03 [scrapy.core.downloader.handlers.http11] WARNING: Got data loss in http://forecast.weather.com.cn/town/weather1dn/101271612015.shtml. If you want to process broken responses set the setting DOWNLOAD_FAIL_ON_DATALOSS = False -- This message won't be shown in further requests
2019-05-01 16:38:43 [scrapy.core.downloader.handlers.http11] WARNING: Got data loss in http://forecast.weather.com.cn/town/weathern/101271616013.shtml. If you want to process broken responses set the setting DOWNLOAD_FAIL_ON_DATALOSS = False -- This message won't be shown in further requests
2019-05-01 16:38:43 [scrapy.core.downloader.handlers.http11] WARNING: Got data loss in http://forecast.weather.com.cn/town/weather1dn/101271616009.shtml. If you want to process broken responses set the setting DOWNLOAD_FAIL_ON_DATALOSS = False -- This message won't be shown in further requests
2019-05-01 16:38:51 [scrapy.core.downloader.handlers.http11] WARNING: Got data loss in http://forecast.weather.com.cn/town/weather1dn/101271616017.shtml. If you want to process broken responses set the setting DOWNLOAD_FAIL_ON_DATALOSS = False -- This message won't be shown in further requests
2019-05-01 16:38:56 [scrapy.core.downloader.handlers.http11] WARNING: Got data loss in http://forecast.weather.com.cn/town/weather1dn/101271616012.shtml. If you want to process broken responses set the setting DOWNLOAD_FAIL_ON_DATALOSS = False -- This message won't be shown in further requests
2019-05-01 16:38:59 [scrapy.extensions.logstats] INFO: Crawled 1128 pages (at 50 pages/min), scraped 635 items (at 0 items/min)
2019-05-01 16:39:05 [scrapy.core.downloader.handlers.http11] WARNING: Got data loss in http://forecast.weather.com.cn/town/weathern/101271616007.shtml. If you want to process broken responses set the setting DOWNLOAD_FAIL_ON_DATALOSS = False -- This message won't be shown in further requests
2019-05-01 16:39:52 [scrapy.core.downloader.handlers.http11] WARNING: Got data loss in http://forecast.weather.com.cn/town/weathern/101271619018.shtml. If you want to process broken responses set the setting DOWNLOAD_FAIL_ON_DATALOSS = False -- This message won't be shown in further requests
2019-05-01 16:39:59 [scrapy.extensions.logstats] INFO: Crawled 1164 pages (at 36 pages/min), scraped 635 items (at 0 items/min)
2019-05-01 16:40:11 [scrapy.core.downloader.handlers.http11] WARNING: Got data loss in http://forecast.weather.com.cn/town/weathern/101271609027.shtml. If you want to process broken responses set the setting DOWNLOAD_FAIL_ON_DATALOSS = False -- This message won't be shown in further requests
2019-05-01 16:40:57 [scrapy.core.downloader.handlers.http11] WARNING: Got data loss in http://forecast.weather.com.cn/town/weathern/101271607015.shtml. If you want to process broken responses set the setting DOWNLOAD_FAIL_ON_DATALOSS = False -- This message won't be shown in further requests
2019-05-01 16:40:59 [scrapy.extensions.logstats] INFO: Crawled 1206 pages (at 42 pages/min), scraped 635 items (at 0 items/min)
2019-05-01 16:41:04 [scrapy.spidermiddlewares.httperror] INFO: Ignoring response <502 http://forecast.weather.com.cn/town/weathern/101271619006.shtml>: HTTP status code is not handled or not allowed
2019-05-01 16:41:04 [scrapy.spidermiddlewares.httperror] INFO: Ignoring response <502 http://forecast.weather.com.cn/town/weather1dn/101271617046.shtml>: HTTP status code is not handled or not allowed
2019-05-01 16:41:04 [scrapy.spidermiddlewares.httperror] INFO: Ignoring response <502 http://forecast.weather.com.cn/town/weather1dn/101271617008.shtml>: HTTP status code is not handled or not allowed
2019-05-01 16:41:04 [scrapy.spidermiddlewares.httperror] INFO: Ignoring response <502 http://forecast.weather.com.cn/town/weather1dn/101271610030.shtml>: HTTP status code is not handled or not allowed
2019-05-01 16:41:04 [scrapy.spidermiddlewares.httperror] INFO: Ignoring response <502 http://forecast.weather.com.cn/town/weather1dn/101271617034.shtml>: HTTP status code is not handled or not allowed
2019-05-01 16:41:05 [scrapy.spidermiddlewares.httperror] INFO: Ignoring response <502 http://forecast.weather.com.cn/town/weather1dn/101271606047.shtml>: HTTP status code is not handled or not allowed
2019-05-01 16:41:05 [scrapy.spidermiddlewares.httperror] INFO: Ignoring response <502 http://forecast.weather.com.cn/town/weathern/101271617048.shtml>: HTTP status code is not handled or not allowed
2019-05-01 16:41:05 [scrapy.spidermiddlewares.httperror] INFO: Ignoring response <502 http://forecast.weather.com.cn/town/weather1dn/101271617017.shtml>: HTTP status code is not handled or not allowed
2019-05-01 16:41:05 [scrapy.spidermiddlewares.httperror] INFO: Ignoring response <502 http://forecast.weather.com.cn/town/weather1dn/101271617010.shtml>: HTTP status code is not handled or not allowed
2019-05-01 16:41:05 [scrapy.spidermiddlewares.httperror] INFO: Ignoring response <502 http://forecast.weather.com.cn/town/weather1dn/101271617024.shtml>: HTTP status code is not handled or not allowed
2019-05-01 16:41:05 [scrapy.spidermiddlewares.httperror] INFO: Ignoring response <502 http://forecast.weather.com.cn/town/weather1dn/101271617025.shtml>: HTTP status code is not handled or not allowed
2019-05-01 16:41:05 [scrapy.spidermiddlewares.httperror] INFO: Ignoring response <502 http://forecast.weather.com.cn/town/weather1dn/101271619006.shtml>: HTTP status code is not handled or not allowed
2019-05-01 16:41:05 [scrapy.spidermiddlewares.httperror] INFO: Ignoring response <502 http://forecast.weather.com.cn/town/weather1dn/101271614028.shtml>: HTTP status code is not handled or not allowed
2019-05-01 16:41:05 [scrapy.spidermiddlewares.httperror] INFO: Ignoring response <502 http://forecast.weather.com.cn/town/weather1dn/101271619017.shtml>: HTTP status code is not handled or not allowed
2019-05-01 16:41:05 [scrapy.spidermiddlewares.httperror] INFO: Ignoring response <502 http://forecast.weather.com.cn/town/weather1dn/101271614014.shtml>: HTTP status code is not handled or not allowed
2019-05-01 16:41:05 [scrapy.spidermiddlewares.httperror] INFO: Ignoring response <502 http://forecast.weather.com.cn/town/weather1dn/101271619027.shtml>: HTTP status code is not handled or not allowed
2019-05-01 16:41:05 [scrapy.spidermiddlewares.httperror] INFO: Ignoring response <502 http://forecast.weather.com.cn/town/weathern/101271619007.shtml>: HTTP status code is not handled or not allowed
2019-05-01 16:41:05 [scrapy.spidermiddlewares.httperror] INFO: Ignoring response <502 http://forecast.weather.com.cn/town/weathern/101271614037.shtml>: HTTP status code is not handled or not allowed
2019-05-01 16:41:05 [scrapy.spidermiddlewares.httperror] INFO: Ignoring response <502 http://forecast.weather.com.cn/town/weather1dn/101271616017.shtml>: HTTP status code is not handled or not allowed
2019-05-01 16:41:05 [scrapy.spidermiddlewares.httperror] INFO: Ignoring response <502 http://forecast.weather.com.cn/town/weather1dn/101271614031.shtml>: HTTP status code is not handled or not allowed
2019-05-01 16:41:05 [scrapy.spidermiddlewares.httperror] INFO: Ignoring response <502 http://forecast.weather.com.cn/town/weathern/101271614006.shtml>: HTTP status code is not handled or not allowed
2019-05-01 16:41:07 [scrapy.spidermiddlewares.httperror] INFO: Ignoring response <502 http://forecast.weather.com.cn/town/weather1dn/101271614008.shtml>: HTTP status code is not handled or not allowed
2019-05-01 16:41:07 [scrapy.spidermiddlewares.httperror] INFO: Ignoring response <502 http://forecast.weather.com.cn/town/weathern/101271613014.shtml>: HTTP status code is not handled or not allowed
2019-05-01 16:41:07 [scrapy.spidermiddlewares.httperror] INFO: Ignoring response <502 http://forecast.weather.com.cn/town/weathern/101271615007.shtml>: HTTP status code is not handled or not allowed
2019-05-01 16:41:07 [scrapy.spidermiddlewares.httperror] INFO: Ignoring response <502 http://forecast.weather.com.cn/town/weathern/101271613016.shtml>: HTTP status code is not handled or not allowed
2019-05-01 16:41:07 [scrapy.spidermiddlewares.httperror] INFO: Ignoring response <502 http://forecast.weather.com.cn/town/weathern/101271615027.shtml>: HTTP status code is not handled or not allowed
2019-05-01 16:41:08 [scrapy.spidermiddlewares.httperror] INFO: Ignoring response <502 http://forecast.weather.com.cn/town/weather1dn/101271612002.shtml>: HTTP status code is not handled or not allowed
2019-05-01 16:41:08 [scrapy.spidermiddlewares.httperror] INFO: Ignoring response <502 http://forecast.weather.com.cn/town/weathern/101271612040.shtml>: HTTP status code is not handled or not allowed
2019-05-01 16:41:09 [scrapy.core.downloader.handlers.http11] WARNING: Got data loss in http://forecast.weather.com.cn/town/weathern/101271609010.shtml. If you want to process broken responses set the setting DOWNLOAD_FAIL_ON_DATALOSS = False -- This message won't be shown in further requests
2019-05-01 16:41:13 [scrapy.spidermiddlewares.httperror] INFO: Ignoring response <502 http://forecast.weather.com.cn/town/weathern/101271615008.shtml>: HTTP status code is not handled or not allowed
2019-05-01 16:41:13 [scrapy.spidermiddlewares.httperror] INFO: Ignoring response <502 http://forecast.weather.com.cn/town/weather1dn/101271615026.shtml>: HTTP status code is not handled or not allowed
2019-05-01 16:41:13 [scrapy.spidermiddlewares.httperror] INFO: Ignoring response <502 http://forecast.weather.com.cn/town/weather1dn/101271615018.shtml>: HTTP status code is not handled or not allowed
2019-05-01 16:41:13 [scrapy.spidermiddlewares.httperror] INFO: Ignoring response <502 http://forecast.weather.com.cn/town/weather1dn/101271612023.shtml>: HTTP status code is not handled or not allowed
2019-05-01 16:41:13 [scrapy.spidermiddlewares.httperror] INFO: Ignoring response <502 http://forecast.weather.com.cn/town/weather1dn/101271615003.shtml>: HTTP status code is not handled or not allowed
2019-05-01 16:41:13 [scrapy.spidermiddlewares.httperror] INFO: Ignoring response <502 http://forecast.weather.com.cn/town/weathern/101271609010.shtml>: HTTP status code is not handled or not allowed
2019-05-01 16:41:59 [scrapy.extensions.logstats] INFO: Crawled 1249 pages (at 43 pages/min), scraped 635 items (at 0 items/min)
2019-05-01 16:42:05 [scrapy.core.downloader.handlers.http11] WARNING: Got data loss in http://forecast.weather.com.cn/town/weather1dn/101271613018.shtml. If you want to process broken responses set the setting DOWNLOAD_FAIL_ON_DATALOSS = False -- This message won't be shown in further requests
2019-05-01 16:42:05 [stdout] INFO: Got exception: [<twisted.python.failure.Failure twisted.internet.error.ConnectionDone: Connection was closed cleanly.>, <twisted.python.failure.Failure twisted.web.http._DataLoss: Chunked decoder in 'BODY' state, still expecting more data to get to 'FINISHED' state.>]
2019-05-01 16:42:05 [scrapy.core.downloader.handlers.http11] WARNING: Got data loss in http://forecast.weather.com.cn/town/weathern/101271614008.shtml. If you want to process broken responses set the setting DOWNLOAD_FAIL_ON_DATALOSS = False -- This message won't be shown in further requests
2019-05-01 16:42:05 [stdout] INFO: Got exception: [<twisted.python.failure.Failure twisted.internet.error.ConnectionDone: Connection was closed cleanly.>, <twisted.python.failure.Failure twisted.web.http._DataLoss: Chunked decoder in 'BODY' state, still expecting more data to get to 'FINISHED' state.>]
2019-05-01 16:42:05 [scrapy.core.downloader.handlers.http11] WARNING: Got data loss in http://forecast.weather.com.cn/town/weather1dn/101271613012.shtml. If you want to process broken responses set the setting DOWNLOAD_FAIL_ON_DATALOSS = False -- This message won't be shown in further requests
2019-05-01 16:42:05 [stdout] INFO: Got exception: [<twisted.python.failure.Failure twisted.internet.error.ConnectionDone: Connection was closed cleanly.>, <twisted.python.failure.Failure twisted.web.http._DataLoss: Chunked decoder in 'BODY' state, still expecting more data to get to 'FINISHED' state.>]
2019-05-01 16:42:05 [scrapy.core.downloader.handlers.http11] WARNING: Got data loss in http://forecast.weather.com.cn/town/weather1dn/101271612037.shtml. If you want to process broken responses set the setting DOWNLOAD_FAIL_ON_DATALOSS = False -- This message won't be shown in further requests
2019-05-01 16:42:05 [stdout] INFO: Got exception: [<twisted.python.failure.Failure twisted.internet.error.ConnectionDone: Connection was closed cleanly.>, <twisted.python.failure.Failure twisted.web.http._DataLoss: Chunked decoder in 'BODY' state, still expecting more data to get to 'FINISHED' state.>]
2019-05-01 16:42:05 [scrapy.spidermiddlewares.httperror] INFO: Ignoring response <503 http://forecast.weather.com.cn/town/weather1dn/101271613018.shtml>: HTTP status code is not handled or not allowed
2019-05-01 16:42:05 [scrapy.spidermiddlewares.httperror] INFO: Ignoring response <503 http://forecast.weather.com.cn/town/weathern/101271614008.shtml>: HTTP status code is not handled or not allowed
2019-05-01 16:42:05 [scrapy.spidermiddlewares.httperror] INFO: Ignoring response <503 http://forecast.weather.com.cn/town/weather1dn/101271613012.shtml>: HTTP status code is not handled or not allowed
2019-05-01 16:42:05 [scrapy.spidermiddlewares.httperror] INFO: Ignoring response <503 http://forecast.weather.com.cn/town/weather1dn/101271612037.shtml>: HTTP status code is not handled or not allowed
2019-05-01 16:42:36 [scrapy.core.downloader.handlers.http11] WARNING: Got data loss in http://forecast.weather.com.cn/town/weathern/101271613015.shtml. If you want to process broken responses set the setting DOWNLOAD_FAIL_ON_DATALOSS = False -- This message won't be shown in further requests
2019-05-01 16:42:36 [stdout] INFO: Got exception: [<twisted.python.failure.Failure twisted.internet.error.ConnectionDone: Connection was closed cleanly.>, <twisted.python.failure.Failure twisted.web.http._DataLoss: Chunked decoder in 'BODY' state, still expecting more data to get to 'FINISHED' state.>]
2019-05-01 16:42:36 [scrapy.spidermiddlewares.httperror] INFO: Ignoring response <503 http://forecast.weather.com.cn/town/weathern/101271613015.shtml>: HTTP status code is not handled or not allowed
2019-05-01 16:42:36 [scrapy.core.engine] INFO: Closing spider (finished)
2019-05-01 16:42:36 [scrapy.statscollectors] INFO: Dumping Scrapy stats:
{'downloader/exception_count': 74,
 'downloader/exception_type_count/twisted.web._newclient.ResponseFailed': 74,
 'downloader/request_bytes': 790158,
 'downloader/request_count': 1467,
 'downloader/request_method_count/GET': 1467,
 'downloader/response_bytes': 27627086,
 'downloader/response_count': 1398,
 'downloader/response_status_count/200': 1215,
 'downloader/response_status_count/502': 176,
 'downloader/response_status_count/503': 5,
 'downloader/response_status_count/504': 2,
 'finish_reason': 'finished',
 'finish_time': datetime.datetime(2019, 5, 1, 8, 42, 36, 834642),
 'httperror/response_ignored_count': 39,
 'httperror/response_ignored_status_count/502': 34,
 'httperror/response_ignored_status_count/503': 5,
 'item_scraped_count': 635,
 'log_count/INFO': 76,
 'log_count/WARNING': 74,
 'request_depth_max': 2,
 'response_received_count': 1254,
 'retry/count': 213,
 'retry/max_reached': 44,
 'retry/reason_count/502 Bad Gateway': 142,
 'retry/reason_count/504 Gateway Time-out': 2,
 'retry/reason_count/twisted.web._newclient.ResponseFailed': 69,
 'scheduler/dequeued': 1467,
 'scheduler/dequeued/memory': 1467,
 'scheduler/enqueued': 1467,
 'scheduler/enqueued/memory': 1467,
 'start_time': datetime.datetime(2019, 5, 1, 8, 18, 59, 468445)}
2019-05-01 16:42:36 [scrapy.core.engine] INFO: Spider closed (finished)
